TN:
SF:config\collections.js
FNF:0
FNH:0
DA:1,1
LF:1
LH:1
BRF:0
BRH:0
end_of_record
TN:
SF:lib\content\borders\BordersGuy.js
FN:5,(anonymous_0)
FN:9,(anonymous_1)
FNF:2
FNH:2
FNDA:5,(anonymous_0)
FNDA:4,(anonymous_1)
DA:1,1
DA:2,1
DA:7,5
DA:10,4
DA:17,4
DA:20,4
DA:24,1
LF:7
LH:7
BRF:0
BRH:0
end_of_record
TN:
SF:lib\content\borders\BordersParser.js
FN:4,(anonymous_0)
FN:5,(anonymous_1)
FN:7,(anonymous_2)
FN:16,(anonymous_3)
FNF:4
FNH:4
FNDA:4,(anonymous_0)
FNDA:4,(anonymous_1)
FNDA:4,(anonymous_2)
FNDA:24,(anonymous_3)
DA:1,1
DA:6,4
DA:7,4
DA:8,4
DA:13,4
DA:14,0
DA:16,4
DA:17,24
DA:18,24
DA:19,24
DA:20,24
DA:21,24
DA:22,24
DA:23,24
DA:31,24
DA:33,0
DA:37,4
DA:41,1
LF:18
LH:16
BRDA:13,0,0,0
BRDA:13,0,1,4
BRF:2
BRH:1
end_of_record
TN:
SF:lib\content\general\infrastructure\ContentRepository.js
FN:3,(anonymous_0)
FN:12,(anonymous_1)
FNF:2
FNH:2
FNDA:6,(anonymous_0)
FNDA:5,(anonymous_1)
DA:5,6
DA:6,6
DA:7,6
DA:8,6
DA:9,6
DA:13,5
DA:18,5
DA:22,5
DA:26,1
LF:9
LH:9
BRF:0
BRH:0
end_of_record
TN:
SF:lib\content\general\infrastructure\parsers\BordersParser.js
FN:3,(anonymous_0)
FN:5,(anonymous_1)
FN:7,(anonymous_2)
FN:15,(anonymous_3)
FN:46,(anonymous_4)
FNF:5
FNH:5
FNDA:5,(anonymous_0)
FNDA:5,(anonymous_1)
FNDA:5,(anonymous_2)
FNDA:5,(anonymous_3)
FNDA:5,(anonymous_4)
DA:1,1
DA:3,1
DA:4,5
DA:5,5
DA:6,5
DA:7,5
DA:9,3
DA:12,5
DA:15,1
DA:16,5
DA:18,5
DA:19,0
DA:20,0
DA:21,0
DA:24,5
DA:25,1
DA:26,1
DA:27,1
DA:30,4
DA:31,4
DA:32,3
DA:34,1
DA:35,1
DA:36,1
DA:39,3
DA:40,1
DA:41,1
DA:43,2
DA:46,1
DA:47,5
DA:48,5
DA:49,5
DA:50,3
DA:51,3
DA:52,3
DA:53,3
DA:61,3
DA:63,2
DA:71,1
LF:39
LH:36
BRDA:6,0,0,2
BRDA:6,0,1,3
BRDA:18,1,0,0
BRDA:18,1,1,5
BRDA:24,2,0,1
BRDA:24,2,1,4
BRDA:39,3,0,1
BRDA:39,3,1,2
BRF:8
BRH:7
end_of_record
TN:
SF:lib\content\general\infrastructure\parsers\NewsParser.js
FN:3,(anonymous_0)
FN:5,(anonymous_1)
FN:15,(anonymous_2)
FNF:3
FNH:0
FNDA:0,(anonymous_0)
FNDA:0,(anonymous_1)
FNDA:0,(anonymous_2)
DA:1,1
DA:3,1
DA:4,0
DA:5,0
DA:6,0
DA:11,0
DA:12,0
DA:13,0
DA:15,0
DA:16,0
DA:22,0
DA:25,0
DA:28,1
LF:13
LH:3
BRDA:11,0,0,0
BRDA:11,0,1,0
BRF:2
BRH:0
end_of_record
TN:
SF:lib\content\general\infrastructure\parsers\RoadConditionsParser.js
FN:3,(anonymous_0)
FN:5,(anonymous_1)
FN:7,(anonymous_2)
FN:15,(anonymous_3)
FN:48,(anonymous_4)
FNF:5
FNH:5
FNDA:5,(anonymous_0)
FNDA:5,(anonymous_1)
FNDA:2,(anonymous_2)
FNDA:5,(anonymous_3)
FNDA:2,(anonymous_4)
DA:1,1
DA:3,1
DA:4,5
DA:5,5
DA:6,5
DA:7,2
DA:9,3
DA:12,5
DA:15,1
DA:16,5
DA:18,5
DA:19,0
DA:20,0
DA:21,0
DA:24,5
DA:25,1
DA:26,1
DA:27,1
DA:30,4
DA:31,4
DA:32,3
DA:33,3
DA:34,3
DA:36,1
DA:37,1
DA:38,1
DA:41,3
DA:42,1
DA:43,1
DA:45,2
DA:48,1
DA:49,2
DA:50,2
DA:56,1
DA:64,1
LF:35
LH:32
BRDA:6,0,0,2
BRDA:6,0,1,3
BRDA:18,1,0,0
BRDA:18,1,1,5
BRDA:24,2,0,1
BRDA:24,2,1,4
BRDA:41,3,0,1
BRDA:41,3,1,2
BRF:8
BRH:7
end_of_record
TN:
SF:lib\content\general\infrastructure\parsers\RoadEventsParser.js
FN:3,(anonymous_0)
FN:5,(anonymous_1)
FN:7,(anonymous_2)
FN:15,(anonymous_3)
FN:46,(anonymous_4)
FNF:5
FNH:5
FNDA:5,(anonymous_0)
FNDA:5,(anonymous_1)
FNDA:4,(anonymous_2)
FNDA:5,(anonymous_3)
FNDA:4,(anonymous_4)
DA:1,1
DA:3,1
DA:4,5
DA:5,5
DA:6,5
DA:7,4
DA:9,3
DA:12,5
DA:15,1
DA:16,5
DA:18,5
DA:19,0
DA:20,0
DA:21,0
DA:24,5
DA:25,1
DA:26,1
DA:27,1
DA:30,4
DA:31,4
DA:32,3
DA:34,1
DA:35,1
DA:36,1
DA:39,3
DA:40,1
DA:41,1
DA:43,2
DA:46,1
DA:47,4
DA:48,4
DA:51,4
DA:60,2
DA:68,1
LF:34
LH:31
BRDA:6,0,0,2
BRDA:6,0,1,3
BRDA:18,1,0,0
BRDA:18,1,1,5
BRDA:24,2,0,1
BRDA:24,2,1,4
BRDA:39,3,0,1
BRDA:39,3,1,2
BRF:8
BRH:7
end_of_record
TN:
SF:lib\content\general\infrastructure\parsers\TrafficForecastParser.js
FN:3,(anonymous_0)
FN:5,(anonymous_1)
FN:15,(anonymous_2)
FNF:3
FNH:0
FNDA:0,(anonymous_0)
FNDA:0,(anonymous_1)
FNDA:0,(anonymous_2)
DA:1,1
DA:3,1
DA:4,0
DA:5,0
DA:6,0
DA:11,0
DA:12,0
DA:13,0
DA:15,0
DA:16,0
DA:22,0
DA:25,0
DA:28,1
LF:13
LH:3
BRDA:11,0,0,0
BRDA:11,0,1,0
BRF:2
BRH:0
end_of_record
TN:
SF:lib\content\general\infrastructure\parsers\index.js
FNF:0
FNH:0
DA:1,1
DA:2,1
DA:3,1
DA:4,1
DA:5,1
DA:7,1
LF:6
LH:6
BRF:0
BRH:0
end_of_record
TN:
SF:lib\content\general\infrastructure\urls\index.js
FNF:0
FNH:0
DA:1,1
LF:1
LH:1
BRF:0
BRH:0
end_of_record
TN:
SF:lib\content\modules\getFromAPI.js
FN:2,(anonymous_0)
FNF:1
FNH:1
FNDA:4,(anonymous_0)
DA:1,1
DA:2,1
DA:3,4
DA:4,4
DA:5,4
DA:7,0
DA:8,0
DA:12,1
LF:8
LH:6
BRF:0
BRH:0
end_of_record
